0 info it worked if it ends with ok
1 verbose cli [ '/usr/local/bin/node',
1 verbose cli   '/usr/local/bin/npm',
1 verbose cli   'install',
1 verbose cli   '-g',
1 verbose cli   'jsxhint' ]
2 info using npm@1.3.21
3 info using node@v0.10.24
4 verbose cache add [ 'jsxhint', null ]
5 verbose cache add name=undefined spec="jsxhint" args=["jsxhint",null]
6 verbose parsed url { protocol: null,
6 verbose parsed url   slashes: null,
6 verbose parsed url   auth: null,
6 verbose parsed url   host: null,
6 verbose parsed url   port: null,
6 verbose parsed url   hostname: null,
6 verbose parsed url   hash: null,
6 verbose parsed url   search: null,
6 verbose parsed url   query: null,
6 verbose parsed url   pathname: 'jsxhint',
6 verbose parsed url   path: 'jsxhint',
6 verbose parsed url   href: 'jsxhint' }
7 silly lockFile 0888e6f7-jsxhint jsxhint
8 verbose lock jsxhint /home/vagrant/.npm/0888e6f7-jsxhint.lock
9 silly lockFile 0888e6f7-jsxhint jsxhint
10 silly lockFile 0888e6f7-jsxhint jsxhint
11 verbose addNamed [ 'jsxhint', '' ]
12 verbose addNamed [ null, '*' ]
13 silly lockFile b4db1bb5-jsxhint jsxhint@
14 verbose lock jsxhint@ /home/vagrant/.npm/b4db1bb5-jsxhint.lock
15 silly addNameRange { name: 'jsxhint', range: '*', hasData: false }
16 verbose url raw jsxhint
17 verbose url resolving [ 'https://registry.npmjs.org/', './jsxhint' ]
18 verbose url resolved https://registry.npmjs.org/jsxhint
19 info trying registry request attempt 1 at 10:01:53
20 http GET https://registry.npmjs.org/jsxhint
21 http 200 https://registry.npmjs.org/jsxhint
22 silly registry.get cb [ 200,
22 silly registry.get   { server: 'CouchDB/1.5.0 (Erlang OTP/R16B03)',
22 silly registry.get     etag: '"7B4QJW35BV4HR3A5K3EFTN6QY"',
22 silly registry.get     'content-type': 'application/json',
22 silly registry.get     'cache-control': 'max-age=300',
22 silly registry.get     'content-length': '59842',
22 silly registry.get     'accept-ranges': 'bytes',
22 silly registry.get     date: 'Tue, 25 Oct 2016 10:17:46 GMT',
22 silly registry.get     via: '1.1 varnish',
22 silly registry.get     age: '0',
22 silly registry.get     connection: 'keep-alive',
22 silly registry.get     'x-served-by': 'cache-sin6924-SIN',
22 silly registry.get     'x-cache': 'MISS',
22 silly registry.get     'x-cache-hits': '0',
22 silly registry.get     'x-timer': 'S1477390665.824282,VS0,VE732',
22 silly registry.get     vary: 'Accept-Encoding' } ]
23 silly addNameRange number 2 { name: 'jsxhint', range: '*', hasData: true }
24 silly addNameRange versions [ 'jsxhint',
24 silly addNameRange   [ '0.0.1',
24 silly addNameRange     '0.1.0',
24 silly addNameRange     '0.2.0',
24 silly addNameRange     '0.3.0',
24 silly addNameRange     '0.3.1',
24 silly addNameRange     '0.3.2',
24 silly addNameRange     '0.4.1',
24 silly addNameRange     '0.4.2',
24 silly addNameRange     '0.4.3',
24 silly addNameRange     '0.4.4',
24 silly addNameRange     '0.4.6',
24 silly addNameRange     '0.4.5',
24 silly addNameRange     '0.4.7',
24 silly addNameRange     '0.4.8',
24 silly addNameRange     '0.4.9',
24 silly addNameRange     '0.4.10',
24 silly addNameRange     '0.4.11',
24 silly addNameRange     '0.4.12',
24 silly addNameRange     '0.4.13',
24 silly addNameRange     '0.4.14',
24 silly addNameRange     '0.4.15',
24 silly addNameRange     '0.5.0',
24 silly addNameRange     '0.5.1',
24 silly addNameRange     '0.6.0',
24 silly addNameRange     '0.7.0',
24 silly addNameRange     '0.8.0',
24 silly addNameRange     '0.7.1',
24 silly addNameRange     '0.8.1',
24 silly addNameRange     '0.9.0',
24 silly addNameRange     '0.10.0',
24 silly addNameRange     '0.11.0',
24 silly addNameRange     '0.11.1',
24 silly addNameRange     '0.12.0',
24 silly addNameRange     '0.12.1',
24 silly addNameRange     '0.13.0',
24 silly addNameRange     '0.13.1',
24 silly addNameRange     '0.13.2',
24 silly addNameRange     '0.13.3',
24 silly addNameRange     '0.14.0',
24 silly addNameRange     '0.15.0',
24 silly addNameRange     '0.15.1' ] ]
25 verbose addNamed [ 'jsxhint', '0.15.1' ]
26 verbose addNamed [ '0.15.1', '0.15.1' ]
27 silly lockFile 56347163-jsxhint-0-15-1 jsxhint@0.15.1
28 verbose lock jsxhint@0.15.1 /home/vagrant/.npm/56347163-jsxhint-0-15-1.lock
29 silly lockFile 8f58c7da-s-org-jsxhint-jsxhint-0-15-1-tgz https://registry.npmjs.org/jsxhint/-/jsxhint-0.15.1.tgz
30 verbose lock https://registry.npmjs.org/jsxhint/-/jsxhint-0.15.1.tgz /home/vagrant/.npm/8f58c7da-s-org-jsxhint-jsxhint-0-15-1-tgz.lock
31 verbose addRemoteTarball [ 'https://registry.npmjs.org/jsxhint/-/jsxhint-0.15.1.tgz',
31 verbose addRemoteTarball   'fa005fb5a4db7cfdc055ef5043b2debb9fe35a54' ]
32 silly lockFile 8f58c7da-s-org-jsxhint-jsxhint-0-15-1-tgz https://registry.npmjs.org/jsxhint/-/jsxhint-0.15.1.tgz
33 silly lockFile 8f58c7da-s-org-jsxhint-jsxhint-0-15-1-tgz https://registry.npmjs.org/jsxhint/-/jsxhint-0.15.1.tgz
34 silly lockFile 56347163-jsxhint-0-15-1 jsxhint@0.15.1
35 silly lockFile 56347163-jsxhint-0-15-1 jsxhint@0.15.1
36 silly lockFile b4db1bb5-jsxhint jsxhint@
37 silly lockFile b4db1bb5-jsxhint jsxhint@
38 error Error: EACCES, mkdir '/home/vagrant/tmp/npm-5778-iPdiN8UB'
38 error  { [Error: EACCES, mkdir '/home/vagrant/tmp/npm-5778-iPdiN8UB']
38 error   errno: 3,
38 error   code: 'EACCES',
38 error   path: '/home/vagrant/tmp/npm-5778-iPdiN8UB' }
39 error Please try running this command again as root/Administrator.
40 error System Linux 3.2.0-23-generic
41 error command "/usr/local/bin/node" "/usr/local/bin/npm" "install" "-g" "jsxhint"
42 error cwd /vagrant/electron-projects/react-tutorial/public/scripts
43 error node -v v0.10.24
44 error npm -v 1.3.21
45 error path /home/vagrant/tmp/npm-5778-iPdiN8UB
46 error code EACCES
47 error errno 3
48 error stack Error: EACCES, mkdir '/home/vagrant/tmp/npm-5778-iPdiN8UB'
49 verbose exit [ 3, true ]
